ERROR - 2023-05-22 19:34:46 --> mysqli_sql_exception: Table 'cie-auth-rest.users' doesn't exist in C:\wamp64\www\ci-auth-api\vendor\codeigniter4\framework\system\Database\MySQLi\Connection.php:295
Stack trace:
#0 C:\wamp64\www\ci-auth-api\vendor\codeigniter4\framework\system\Database\MySQLi\Connection.php(295): mysqli->query('SELECT *\nFROM `...', 0)
#1 C:\wamp64\www\ci-auth-api\vendor\codeigniter4\framework\system\Database\BaseConnection.php(692): CodeIgniter\Database\MySQLi\Connection->execute('SELECT *\nFROM `...')
#2 C:\wamp64\www\ci-auth-api\vendor\codeigniter4\framework\system\Database\BaseConnection.php(606): CodeIgniter\Database\BaseConnection->simpleQuery('SELECT *\nFROM `...')
#3 C:\wamp64\www\ci-auth-api\vendor\codeigniter4\framework\system\Database\BaseBuilder.php(1616): CodeIgniter\Database\BaseConnection->query('SELECT *\nFROM `...', Array, false)
#4 C:\wamp64\www\ci-auth-api\vendor\codeigniter4\framework\system\Model.php(268): CodeIgniter\Database\BaseBuilder->get()
#5 C:\wamp64\www\ci-auth-api\vendor\codeigniter4\framework\system\BaseModel.php(656): CodeIgniter\Model->doFirst()
#6 C:\wamp64\www\ci-auth-api\app\Controllers\UserApiController.php(20): CodeIgniter\BaseModel->first()
#7 C:\wamp64\www\ci-auth-api\vendor\codeigniter4\framework\system\CodeIgniter.php(934): App\Controllers\UserApiController->create()
#8 C:\wamp64\www\ci-auth-api\vendor\codeigniter4\framework\system\CodeIgniter.php(499): CodeIgniter\CodeIgniter->runController(Object(App\Controllers\UserApiController))
#9 C:\wamp64\www\ci-auth-api\vendor\codeigniter4\framework\system\CodeIgniter.php(368): CodeIgniter\CodeIgniter->handleRequest(NULL, Object(Config\Cache), false)
#10 C:\wamp64\www\ci-auth-api\public\index.php(67): CodeIgniter\CodeIgniter->run()
#11 {main}
CRITICAL - 2023-05-22 19:34:46 --> Table 'cie-auth-rest.users' doesn't exist
in SYSTEMPATH\Database\MySQLi\Connection.php on line 295.
 1 SYSTEMPATH\Database\MySQLi\Connection.php(295): mysqli->query('SELECT *
FROM `users`
WHERE `email` = \'fav@gmail.com\'
 LIMIT 1', 0)
 2 SYSTEMPATH\Database\BaseConnection.php(692): CodeIgniter\Database\MySQLi\Connection->execute('SELECT *
FROM `users`
WHERE `email` = \'fav@gmail.com\'
 LIMIT 1')
 3 SYSTEMPATH\Database\BaseConnection.php(606): CodeIgniter\Database\BaseConnection->simpleQuery('SELECT *
FROM `users`
WHERE `email` = \'fav@gmail.com\'
 LIMIT 1')
 4 SYSTEMPATH\Database\BaseBuilder.php(1616): CodeIgniter\Database\BaseConnection->query('SELECT *
FROM `users`
WHERE `email` = :email:
 LIMIT 1', [...], false)
 5 SYSTEMPATH\Model.php(268): CodeIgniter\Database\BaseBuilder->get()
 6 SYSTEMPATH\BaseModel.php(656): CodeIgniter\Model->doFirst()
 7 APPPATH\Controllers\UserApiController.php(20): CodeIgniter\BaseModel->first()
 8 SYSTEMPATH\CodeIgniter.php(934): App\Controllers\UserApiController->create()
 9 SYSTEMPATH\CodeIgniter.php(499): CodeIgniter\CodeIgniter->runController(Object(App\Controllers\UserApiController))
10 SYSTEMPATH\CodeIgniter.php(368): CodeIgniter\CodeIgniter->handleRequest(null, Object(Config\Cache), false)
11 FCPATH\index.php(67): CodeIgniter\CodeIgniter->run()
CRITICAL - 2023-05-22 20:34:21 --> password_hash(): Unknown password hashing algorithm: $2y$10$J5mu6VFZfkLezDjp0W5lBumtd3OHeepS3FYvx1iGav7
in APPPATH\Controllers\UserApiController.php on line 48.
 1 [internal function]: CodeIgniter\Debug\Exceptions->errorHandler(2, 'password_hash(): Unknown password hashing algorithm: $2y$10$J5mu6VFZfkLezDjp0W5lBumtd3OHeepS3FYvx1iGav7', 'C:\\wamp64\\www\\ci-auth-api\\app\\Controllers\\UserApiController.php', 48, [...])
 2 APPPATH\Controllers\UserApiController.php(48): password_hash('abc123', '$2y$10$J5mu6VFZfkLezDjp0W5lBumtd3OHeepS3FYvx1iGav7')
 3 SYSTEMPATH\CodeIgniter.php(934): App\Controllers\UserApiController->login()
 4 SYSTEMPATH\CodeIgniter.php(499): CodeIgniter\CodeIgniter->runController(Object(App\Controllers\UserApiController))
 5 SYSTEMPATH\CodeIgniter.php(368): CodeIgniter\CodeIgniter->handleRequest(null, Object(Config\Cache), false)
 6 FCPATH\index.php(67): CodeIgniter\CodeIgniter->run()
CRITICAL - 2023-05-22 20:35:53 --> password_hash(): Unknown password hashing algorithm: $2y$10$J5mu6VFZfkLezDjp0W5lBumtd3OHeepS3FYvx1iGav7
in APPPATH\Controllers\UserApiController.php on line 48.
 1 [internal function]: CodeIgniter\Debug\Exceptions->errorHandler(2, 'password_hash(): Unknown password hashing algorithm: $2y$10$J5mu6VFZfkLezDjp0W5lBumtd3OHeepS3FYvx1iGav7', 'C:\\wamp64\\www\\ci-auth-api\\app\\Controllers\\UserApiController.php', 48, [...])
 2 APPPATH\Controllers\UserApiController.php(48): password_hash('abc123', '$2y$10$J5mu6VFZfkLezDjp0W5lBumtd3OHeepS3FYvx1iGav7')
 3 SYSTEMPATH\CodeIgniter.php(934): App\Controllers\UserApiController->login()
 4 SYSTEMPATH\CodeIgniter.php(499): CodeIgniter\CodeIgniter->runController(Object(App\Controllers\UserApiController))
 5 SYSTEMPATH\CodeIgniter.php(368): CodeIgniter\CodeIgniter->handleRequest(null, Object(Config\Cache), false)
 6 FCPATH\index.php(67): CodeIgniter\CodeIgniter->run()
CRITICAL - 2023-05-22 20:36:38 --> password_hash(): Unknown password hashing algorithm: $2y$10$J5mu6VFZfkLezDjp0W5lBumtd3OHeepS3FYvx1iGav7
in APPPATH\Controllers\UserApiController.php on line 48.
 1 [internal function]: CodeIgniter\Debug\Exceptions->errorHandler(2, 'password_hash(): Unknown password hashing algorithm: $2y$10$J5mu6VFZfkLezDjp0W5lBumtd3OHeepS3FYvx1iGav7', 'C:\\wamp64\\www\\ci-auth-api\\app\\Controllers\\UserApiController.php', 48, [...])
 2 APPPATH\Controllers\UserApiController.php(48): password_hash('abc12', '$2y$10$J5mu6VFZfkLezDjp0W5lBumtd3OHeepS3FYvx1iGav7')
 3 SYSTEMPATH\CodeIgniter.php(934): App\Controllers\UserApiController->login()
 4 SYSTEMPATH\CodeIgniter.php(499): CodeIgniter\CodeIgniter->runController(Object(App\Controllers\UserApiController))
 5 SYSTEMPATH\CodeIgniter.php(368): CodeIgniter\CodeIgniter->handleRequest(null, Object(Config\Cache), false)
 6 FCPATH\index.php(67): CodeIgniter\CodeIgniter->run()
CRITICAL - 2023-05-22 20:55:11 --> password_hash(): Unknown password hashing algorithm: $2y$10$J5mu6VFZfkLezDjp0W5lBumtd3OHeepS3FYvx1iGav7
in APPPATH\Controllers\UserApiController.php on line 48.
 1 [internal function]: CodeIgniter\Debug\Exceptions->errorHandler(2, 'password_hash(): Unknown password hashing algorithm: $2y$10$J5mu6VFZfkLezDjp0W5lBumtd3OHeepS3FYvx1iGav7', 'C:\\wamp64\\www\\ci-auth-api\\app\\Controllers\\UserApiController.php', 48, [...])
 2 APPPATH\Controllers\UserApiController.php(48): password_hash('abc123', '$2y$10$J5mu6VFZfkLezDjp0W5lBumtd3OHeepS3FYvx1iGav7')
 3 SYSTEMPATH\CodeIgniter.php(934): App\Controllers\UserApiController->login()
 4 SYSTEMPATH\CodeIgniter.php(499): CodeIgniter\CodeIgniter->runController(Object(App\Controllers\UserApiController))
 5 SYSTEMPATH\CodeIgniter.php(368): CodeIgniter\CodeIgniter->handleRequest(null, Object(Config\Cache), false)
 6 FCPATH\index.php(67): CodeIgniter\CodeIgniter->run()
CRITICAL - 2023-05-22 20:55:13 --> password_hash(): Unknown password hashing algorithm: $2y$10$J5mu6VFZfkLezDjp0W5lBumtd3OHeepS3FYvx1iGav7
in APPPATH\Controllers\UserApiController.php on line 48.
 1 [internal function]: CodeIgniter\Debug\Exceptions->errorHandler(2, 'password_hash(): Unknown password hashing algorithm: $2y$10$J5mu6VFZfkLezDjp0W5lBumtd3OHeepS3FYvx1iGav7', 'C:\\wamp64\\www\\ci-auth-api\\app\\Controllers\\UserApiController.php', 48, [...])
 2 APPPATH\Controllers\UserApiController.php(48): password_hash('abc123', '$2y$10$J5mu6VFZfkLezDjp0W5lBumtd3OHeepS3FYvx1iGav7')
 3 SYSTEMPATH\CodeIgniter.php(934): App\Controllers\UserApiController->login()
 4 SYSTEMPATH\CodeIgniter.php(499): CodeIgniter\CodeIgniter->runController(Object(App\Controllers\UserApiController))
 5 SYSTEMPATH\CodeIgniter.php(368): CodeIgniter\CodeIgniter->handleRequest(null, Object(Config\Cache), false)
 6 FCPATH\index.php(67): CodeIgniter\CodeIgniter->run()
CRITICAL - 2023-05-22 20:56:09 --> password_hash(): Unknown password hashing algorithm: $2y$10$J5mu6VFZfkLezDjp0W5lBumtd3OHeepS3FYvx1iGav7
in APPPATH\Controllers\UserApiController.php on line 48.
 1 [internal function]: CodeIgniter\Debug\Exceptions->errorHandler(2, 'password_hash(): Unknown password hashing algorithm: $2y$10$J5mu6VFZfkLezDjp0W5lBumtd3OHeepS3FYvx1iGav7', 'C:\\wamp64\\www\\ci-auth-api\\app\\Controllers\\UserApiController.php', 48, [...])
 2 APPPATH\Controllers\UserApiController.php(48): password_hash('abc123', '$2y$10$J5mu6VFZfkLezDjp0W5lBumtd3OHeepS3FYvx1iGav7')
 3 SYSTEMPATH\CodeIgniter.php(934): App\Controllers\UserApiController->login()
 4 SYSTEMPATH\CodeIgniter.php(499): CodeIgniter\CodeIgniter->runController(Object(App\Controllers\UserApiController))
 5 SYSTEMPATH\CodeIgniter.php(368): CodeIgniter\CodeIgniter->handleRequest(null, Object(Config\Cache), false)
 6 FCPATH\index.php(67): CodeIgniter\CodeIgniter->run()
CRITICAL - 2023-05-22 20:56:12 --> password_hash(): Unknown password hashing algorithm: $2y$10$J5mu6VFZfkLezDjp0W5lBumtd3OHeepS3FYvx1iGav7
in APPPATH\Controllers\UserApiController.php on line 48.
 1 [internal function]: CodeIgniter\Debug\Exceptions->errorHandler(2, 'password_hash(): Unknown password hashing algorithm: $2y$10$J5mu6VFZfkLezDjp0W5lBumtd3OHeepS3FYvx1iGav7', 'C:\\wamp64\\www\\ci-auth-api\\app\\Controllers\\UserApiController.php', 48, [...])
 2 APPPATH\Controllers\UserApiController.php(48): password_hash('abc123', '$2y$10$J5mu6VFZfkLezDjp0W5lBumtd3OHeepS3FYvx1iGav7')
 3 SYSTEMPATH\CodeIgniter.php(934): App\Controllers\UserApiController->login()
 4 SYSTEMPATH\CodeIgniter.php(499): CodeIgniter\CodeIgniter->runController(Object(App\Controllers\UserApiController))
 5 SYSTEMPATH\CodeIgniter.php(368): CodeIgniter\CodeIgniter->handleRequest(null, Object(Config\Cache), false)
 6 FCPATH\index.php(67): CodeIgniter\CodeIgniter->run()
CRITICAL - 2023-05-22 20:56:32 --> password_hash(): Unknown password hashing algorithm: $2y$10$J5mu6VFZfkLezDjp0W5lBumtd3OHeepS3FYvx1iGav7
in APPPATH\Controllers\UserApiController.php on line 48.
 1 [internal function]: CodeIgniter\Debug\Exceptions->errorHandler(2, 'password_hash(): Unknown password hashing algorithm: $2y$10$J5mu6VFZfkLezDjp0W5lBumtd3OHeepS3FYvx1iGav7', 'C:\\wamp64\\www\\ci-auth-api\\app\\Controllers\\UserApiController.php', 48, [...])
 2 APPPATH\Controllers\UserApiController.php(48): password_hash('abc123', '$2y$10$J5mu6VFZfkLezDjp0W5lBumtd3OHeepS3FYvx1iGav7')
 3 SYSTEMPATH\CodeIgniter.php(934): App\Controllers\UserApiController->login()
 4 SYSTEMPATH\CodeIgniter.php(499): CodeIgniter\CodeIgniter->runController(Object(App\Controllers\UserApiController))
 5 SYSTEMPATH\CodeIgniter.php(368): CodeIgniter\CodeIgniter->handleRequest(null, Object(Config\Cache), false)
 6 FCPATH\index.php(67): CodeIgniter\CodeIgniter->run()
CRITICAL - 2023-05-22 20:56:44 --> password_hash(): Unknown password hashing algorithm: $2y$10$J5mu6VFZfkLezDjp0W5lBumtd3OHeepS3FYvx1iGav7
in APPPATH\Controllers\UserApiController.php on line 48.
 1 [internal function]: CodeIgniter\Debug\Exceptions->errorHandler(2, 'password_hash(): Unknown password hashing algorithm: $2y$10$J5mu6VFZfkLezDjp0W5lBumtd3OHeepS3FYvx1iGav7', 'C:\\wamp64\\www\\ci-auth-api\\app\\Controllers\\UserApiController.php', 48, [...])
 2 APPPATH\Controllers\UserApiController.php(48): password_hash('abc123', '$2y$10$J5mu6VFZfkLezDjp0W5lBumtd3OHeepS3FYvx1iGav7')
 3 SYSTEMPATH\CodeIgniter.php(934): App\Controllers\UserApiController->login()
 4 SYSTEMPATH\CodeIgniter.php(499): CodeIgniter\CodeIgniter->runController(Object(App\Controllers\UserApiController))
 5 SYSTEMPATH\CodeIgniter.php(368): CodeIgniter\CodeIgniter->handleRequest(null, Object(Config\Cache), false)
 6 FCPATH\index.php(67): CodeIgniter\CodeIgniter->run()
CRITICAL - 2023-05-22 21:28:18 --> CodeIgniter\Autoloader\Autoloader::main(): Failed opening required 'jwt/src/JWT.php' (include_path='.;C:\php\pear')
in APPPATH\Controllers\UserApiController.php on line 4.
 1 [internal function]: CodeIgniter\Debug\Exceptions->shutdownHandler()
CRITICAL - 2023-05-22 21:28:30 --> CodeIgniter\Autoloader\Autoloader::main(): Failed opening required 'jwt/src/JWT.php' (include_path='.;C:\php\pear')
in APPPATH\Controllers\UserApiController.php on line 4.
 1 [internal function]: CodeIgniter\Debug\Exceptions->shutdownHandler()
CRITICAL - 2023-05-22 21:31:27 --> CodeIgniter\Autoloader\Autoloader::main(): Failed opening required 'jwt/src/JWT.php' (include_path='.;C:\php\pear')
in APPPATH\Controllers\UserApiController.php on line 4.
 1 [internal function]: CodeIgniter\Debug\Exceptions->shutdownHandler()
CRITICAL - 2023-05-22 21:31:39 --> CodeIgniter\Autoloader\Autoloader::main(): Failed opening required 'jwt/src/JWT.php' (include_path='.;C:\php\pear')
in APPPATH\Controllers\UserApiController.php on line 4.
 1 [internal function]: CodeIgniter\Debug\Exceptions->shutdownHandler()
CRITICAL - 2023-05-22 21:32:43 --> CodeIgniter\Autoloader\Autoloader::main(): Failed opening required '' (include_path='.;C:\php\pear')
in APPPATH\Controllers\UserApiController.php on line 4.
 1 [internal function]: CodeIgniter\Debug\Exceptions->shutdownHandler()
CRITICAL - 2023-05-22 21:33:35 --> CodeIgniter\Autoloader\Autoloader::main(): Failed opening required '' (include_path='.;C:\php\pear')
in APPPATH\Controllers\UserApiController.php on line 4.
 1 [internal function]: CodeIgniter\Debug\Exceptions->shutdownHandler()
CRITICAL - 2023-05-22 21:35:51 --> CodeIgniter\Autoloader\Autoloader::main(): Failed opening required '' (include_path='.;C:\php\pear')
in APPPATH\Controllers\UserApiController.php on line 4.
 1 [internal function]: CodeIgniter\Debug\Exceptions->shutdownHandler()
CRITICAL - 2023-05-22 21:39:39 --> CodeIgniter\Autoloader\Autoloader::main(): Failed opening required '' (include_path='.;C:\php\pear')
in APPPATH\Controllers\UserApiController.php on line 4.
 1 [internal function]: CodeIgniter\Debug\Exceptions->shutdownHandler()
CRITICAL - 2023-05-22 21:45:42 --> CodeIgniter\Autoloader\Autoloader::main(): Failed opening required '' (include_path='.;C:\php\pear')
in APPPATH\Controllers\UserApiController.php on line 4.
 1 [internal function]: CodeIgniter\Debug\Exceptions->shutdownHandler()
