CRITICAL - 2023-08-30 16:05:51 --> Call to undefined method App\Models\OperadorModel::token
in SYSTEMPATH\Model.php on line 842.
 1 APPPATH\Controllers\ReporteApiController.php(24): CodeIgniter\Model->__call('token', [...])
 2 SYSTEMPATH\CodeIgniter.php(934): App\Controllers\ReporteApiController->allReport()
 3 SYSTEMPATH\CodeIgniter.php(499): CodeIgniter\CodeIgniter->runController(Object(App\Controllers\ReporteApiController))
 4 SYSTEMPATH\CodeIgniter.php(368): CodeIgniter\CodeIgniter->handleRequest(null, Object(Config\Cache), false)
 5 FCPATH\index.php(67): CodeIgniter\CodeIgniter->run()
CRITICAL - 2023-08-30 16:06:06 --> Call to undefined method App\Models\OperadorModel::token
in SYSTEMPATH\Model.php on line 842.
 1 APPPATH\Controllers\ReporteApiController.php(24): CodeIgniter\Model->__call('token', [...])
 2 SYSTEMPATH\CodeIgniter.php(934): App\Controllers\ReporteApiController->allReport()
 3 SYSTEMPATH\CodeIgniter.php(499): CodeIgniter\CodeIgniter->runController(Object(App\Controllers\ReporteApiController))
 4 SYSTEMPATH\CodeIgniter.php(368): CodeIgniter\CodeIgniter->handleRequest(null, Object(Config\Cache), false)
 5 FCPATH\index.php(67): CodeIgniter\CodeIgniter->run()
CRITICAL - 2023-08-30 16:06:08 --> Call to undefined method App\Models\OperadorModel::token
in SYSTEMPATH\Model.php on line 842.
 1 APPPATH\Controllers\ReporteApiController.php(24): CodeIgniter\Model->__call('token', [...])
 2 SYSTEMPATH\CodeIgniter.php(934): App\Controllers\ReporteApiController->allReport()
 3 SYSTEMPATH\CodeIgniter.php(499): CodeIgniter\CodeIgniter->runController(Object(App\Controllers\ReporteApiController))
 4 SYSTEMPATH\CodeIgniter.php(368): CodeIgniter\CodeIgniter->handleRequest(null, Object(Config\Cache), false)
 5 FCPATH\index.php(67): CodeIgniter\CodeIgniter->run()
CRITICAL - 2023-08-30 16:06:20 --> Call to undefined method App\Models\OperadorModel::token
in SYSTEMPATH\Model.php on line 842.
 1 APPPATH\Controllers\ReporteApiController.php(24): CodeIgniter\Model->__call('token', [...])
 2 SYSTEMPATH\CodeIgniter.php(934): App\Controllers\ReporteApiController->allReport()
 3 SYSTEMPATH\CodeIgniter.php(499): CodeIgniter\CodeIgniter->runController(Object(App\Controllers\ReporteApiController))
 4 SYSTEMPATH\CodeIgniter.php(368): CodeIgniter\CodeIgniter->handleRequest(null, Object(Config\Cache), false)
 5 FCPATH\index.php(67): CodeIgniter\CodeIgniter->run()
CRITICAL - 2023-08-30 16:06:22 --> Call to undefined method App\Models\OperadorModel::token
in SYSTEMPATH\Model.php on line 842.
 1 APPPATH\Controllers\ReporteApiController.php(24): CodeIgniter\Model->__call('token', [...])
 2 SYSTEMPATH\CodeIgniter.php(934): App\Controllers\ReporteApiController->allReport()
 3 SYSTEMPATH\CodeIgniter.php(499): CodeIgniter\CodeIgniter->runController(Object(App\Controllers\ReporteApiController))
 4 SYSTEMPATH\CodeIgniter.php(368): CodeIgniter\CodeIgniter->handleRequest(null, Object(Config\Cache), false)
 5 FCPATH\index.php(67): CodeIgniter\CodeIgniter->run()
ERROR - 2023-08-30 16:09:36 --> mysqli_sql_exception: Unknown column 'id_operador' in 'where clause' in C:\wamp64\www\coljuegos\vendor\codeigniter4\framework\system\Database\MySQLi\Connection.php:295
Stack trace:
#0 C:\wamp64\www\coljuegos\vendor\codeigniter4\framework\system\Database\MySQLi\Connection.php(295): mysqli->query('SELECT *\nFROM `...', 0)
#1 C:\wamp64\www\coljuegos\vendor\codeigniter4\framework\system\Database\BaseConnection.php(692): CodeIgniter\Database\MySQLi\Connection->execute('SELECT *\nFROM `...')
#2 C:\wamp64\www\coljuegos\vendor\codeigniter4\framework\system\Database\BaseConnection.php(606): CodeIgniter\Database\BaseConnection->simpleQuery('SELECT *\nFROM `...')
#3 C:\wamp64\www\coljuegos\vendor\codeigniter4\framework\system\Database\BaseBuilder.php(1616): CodeIgniter\Database\BaseConnection->query('SELECT *\nFROM `...', Array, false)
#4 C:\wamp64\www\coljuegos\app\Models\ReporteModel.php(71): CodeIgniter\Database\BaseBuilder->get()
#5 C:\wamp64\www\coljuegos\app\Controllers\ReporteApiController.php(28): App\Models\ReporteModel->getAllReport('1')
#6 C:\wamp64\www\coljuegos\vendor\codeigniter4\framework\system\CodeIgniter.php(934): App\Controllers\ReporteApiController->allReport()
#7 C:\wamp64\www\coljuegos\vendor\codeigniter4\framework\system\CodeIgniter.php(499): CodeIgniter\CodeIgniter->runController(Object(App\Controllers\ReporteApiController))
#8 C:\wamp64\www\coljuegos\vendor\codeigniter4\framework\system\CodeIgniter.php(368): CodeIgniter\CodeIgniter->handleRequest(NULL, Object(Config\Cache), false)
#9 C:\wamp64\www\coljuegos\public\index.php(67): CodeIgniter\CodeIgniter->run()
#10 {main}
CRITICAL - 2023-08-30 16:09:36 --> Unknown column 'id_operador' in 'where clause'
in SYSTEMPATH\Database\MySQLi\Connection.php on line 295.
 1 SYSTEMPATH\Database\MySQLi\Connection.php(295): mysqli->query('SELECT *
FROM `operador`
WHERE `id_operador` = \'1\'', 0)
 2 SYSTEMPATH\Database\BaseConnection.php(692): CodeIgniter\Database\MySQLi\Connection->execute('SELECT *
FROM `operador`
WHERE `id_operador` = \'1\'')
 3 SYSTEMPATH\Database\BaseConnection.php(606): CodeIgniter\Database\BaseConnection->simpleQuery('SELECT *
FROM `operador`
WHERE `id_operador` = \'1\'')
 4 SYSTEMPATH\Database\BaseBuilder.php(1616): CodeIgniter\Database\BaseConnection->query('SELECT *
FROM `operador`
WHERE `id_operador` = :id_operador:', [...], false)
 5 APPPATH\Models\ReporteModel.php(71): CodeIgniter\Database\BaseBuilder->get()
 6 APPPATH\Controllers\ReporteApiController.php(28): App\Models\ReporteModel->getAllReport('1')
 7 SYSTEMPATH\CodeIgniter.php(934): App\Controllers\ReporteApiController->allReport()
 8 SYSTEMPATH\CodeIgniter.php(499): CodeIgniter\CodeIgniter->runController(Object(App\Controllers\ReporteApiController))
 9 SYSTEMPATH\CodeIgniter.php(368): CodeIgniter\CodeIgniter->handleRequest(null, Object(Config\Cache), false)
10 FCPATH\index.php(67): CodeIgniter\CodeIgniter->run()
ERROR - 2023-08-30 16:09:42 --> mysqli_sql_exception: Unknown column 'id_operador' in 'where clause' in C:\wamp64\www\coljuegos\vendor\codeigniter4\framework\system\Database\MySQLi\Connection.php:295
Stack trace:
#0 C:\wamp64\www\coljuegos\vendor\codeigniter4\framework\system\Database\MySQLi\Connection.php(295): mysqli->query('SELECT *\nFROM `...', 0)
#1 C:\wamp64\www\coljuegos\vendor\codeigniter4\framework\system\Database\BaseConnection.php(692): CodeIgniter\Database\MySQLi\Connection->execute('SELECT *\nFROM `...')
#2 C:\wamp64\www\coljuegos\vendor\codeigniter4\framework\system\Database\BaseConnection.php(606): CodeIgniter\Database\BaseConnection->simpleQuery('SELECT *\nFROM `...')
#3 C:\wamp64\www\coljuegos\vendor\codeigniter4\framework\system\Database\BaseBuilder.php(1616): CodeIgniter\Database\BaseConnection->query('SELECT *\nFROM `...', Array, false)
#4 C:\wamp64\www\coljuegos\app\Models\ReporteModel.php(71): CodeIgniter\Database\BaseBuilder->get()
#5 C:\wamp64\www\coljuegos\app\Controllers\ReporteApiController.php(28): App\Models\ReporteModel->getAllReport('1')
#6 C:\wamp64\www\coljuegos\vendor\codeigniter4\framework\system\CodeIgniter.php(934): App\Controllers\ReporteApiController->allReport()
#7 C:\wamp64\www\coljuegos\vendor\codeigniter4\framework\system\CodeIgniter.php(499): CodeIgniter\CodeIgniter->runController(Object(App\Controllers\ReporteApiController))
#8 C:\wamp64\www\coljuegos\vendor\codeigniter4\framework\system\CodeIgniter.php(368): CodeIgniter\CodeIgniter->handleRequest(NULL, Object(Config\Cache), false)
#9 C:\wamp64\www\coljuegos\public\index.php(67): CodeIgniter\CodeIgniter->run()
#10 {main}
CRITICAL - 2023-08-30 16:09:42 --> Unknown column 'id_operador' in 'where clause'
in SYSTEMPATH\Database\MySQLi\Connection.php on line 295.
 1 SYSTEMPATH\Database\MySQLi\Connection.php(295): mysqli->query('SELECT *
FROM `operador`
WHERE `id_operador` = \'1\'', 0)
 2 SYSTEMPATH\Database\BaseConnection.php(692): CodeIgniter\Database\MySQLi\Connection->execute('SELECT *
FROM `operador`
WHERE `id_operador` = \'1\'')
 3 SYSTEMPATH\Database\BaseConnection.php(606): CodeIgniter\Database\BaseConnection->simpleQuery('SELECT *
FROM `operador`
WHERE `id_operador` = \'1\'')
 4 SYSTEMPATH\Database\BaseBuilder.php(1616): CodeIgniter\Database\BaseConnection->query('SELECT *
FROM `operador`
WHERE `id_operador` = :id_operador:', [...], false)
 5 APPPATH\Models\ReporteModel.php(71): CodeIgniter\Database\BaseBuilder->get()
 6 APPPATH\Controllers\ReporteApiController.php(28): App\Models\ReporteModel->getAllReport('1')
 7 SYSTEMPATH\CodeIgniter.php(934): App\Controllers\ReporteApiController->allReport()
 8 SYSTEMPATH\CodeIgniter.php(499): CodeIgniter\CodeIgniter->runController(Object(App\Controllers\ReporteApiController))
 9 SYSTEMPATH\CodeIgniter.php(368): CodeIgniter\CodeIgniter->handleRequest(null, Object(Config\Cache), false)
10 FCPATH\index.php(67): CodeIgniter\CodeIgniter->run()
ERROR - 2023-08-30 16:10:53 --> mysqli_sql_exception: Unknown column 'id_operador' in 'where clause' in C:\wamp64\www\coljuegos\vendor\codeigniter4\framework\system\Database\MySQLi\Connection.php:295
Stack trace:
#0 C:\wamp64\www\coljuegos\vendor\codeigniter4\framework\system\Database\MySQLi\Connection.php(295): mysqli->query('SELECT *\nFROM `...', 0)
#1 C:\wamp64\www\coljuegos\vendor\codeigniter4\framework\system\Database\BaseConnection.php(692): CodeIgniter\Database\MySQLi\Connection->execute('SELECT *\nFROM `...')
#2 C:\wamp64\www\coljuegos\vendor\codeigniter4\framework\system\Database\BaseConnection.php(606): CodeIgniter\Database\BaseConnection->simpleQuery('SELECT *\nFROM `...')
#3 C:\wamp64\www\coljuegos\vendor\codeigniter4\framework\system\Database\BaseBuilder.php(1616): CodeIgniter\Database\BaseConnection->query('SELECT *\nFROM `...', Array, false)
#4 C:\wamp64\www\coljuegos\app\Models\ReporteModel.php(72): CodeIgniter\Database\BaseBuilder->get()
#5 C:\wamp64\www\coljuegos\app\Controllers\ReporteApiController.php(27): App\Models\ReporteModel->getReportByID('1')
#6 C:\wamp64\www\coljuegos\vendor\codeigniter4\framework\system\CodeIgniter.php(934): App\Controllers\ReporteApiController->allReport()
#7 C:\wamp64\www\coljuegos\vendor\codeigniter4\framework\system\CodeIgniter.php(499): CodeIgniter\CodeIgniter->runController(Object(App\Controllers\ReporteApiController))
#8 C:\wamp64\www\coljuegos\vendor\codeigniter4\framework\system\CodeIgniter.php(368): CodeIgniter\CodeIgniter->handleRequest(NULL, Object(Config\Cache), false)
#9 C:\wamp64\www\coljuegos\public\index.php(67): CodeIgniter\CodeIgniter->run()
#10 {main}
CRITICAL - 2023-08-30 16:10:53 --> Unknown column 'id_operador' in 'where clause'
in SYSTEMPATH\Database\MySQLi\Connection.php on line 295.
 1 SYSTEMPATH\Database\MySQLi\Connection.php(295): mysqli->query('SELECT *
FROM `operador`
WHERE `id_operador` = \'1\'', 0)
 2 SYSTEMPATH\Database\BaseConnection.php(692): CodeIgniter\Database\MySQLi\Connection->execute('SELECT *
FROM `operador`
WHERE `id_operador` = \'1\'')
 3 SYSTEMPATH\Database\BaseConnection.php(606): CodeIgniter\Database\BaseConnection->simpleQuery('SELECT *
FROM `operador`
WHERE `id_operador` = \'1\'')
 4 SYSTEMPATH\Database\BaseBuilder.php(1616): CodeIgniter\Database\BaseConnection->query('SELECT *
FROM `operador`
WHERE `id_operador` = :id_operador:', [...], false)
 5 APPPATH\Models\ReporteModel.php(72): CodeIgniter\Database\BaseBuilder->get()
 6 APPPATH\Controllers\ReporteApiController.php(27): App\Models\ReporteModel->getReportByID('1')
 7 SYSTEMPATH\CodeIgniter.php(934): App\Controllers\ReporteApiController->allReport()
 8 SYSTEMPATH\CodeIgniter.php(499): CodeIgniter\CodeIgniter->runController(Object(App\Controllers\ReporteApiController))
 9 SYSTEMPATH\CodeIgniter.php(368): CodeIgniter\CodeIgniter->handleRequest(null, Object(Config\Cache), false)
10 FCPATH\index.php(67): CodeIgniter\CodeIgniter->run()
CRITICAL - 2023-08-30 16:23:31 --> Illegal string offset 'token'
in APPPATH\Models\OperadorModel.php on line 58.
 1 APPPATH\Models\OperadorModel.php(58): CodeIgniter\Debug\Exceptions->errorHandler(2, 'Illegal string offset \'token\'', 'C:\\wamp64\\www\\coljuegos\\app\\Models\\OperadorModel.php', 58, [...])
 2 APPPATH\Controllers\ReporteApiController.php(22): App\Models\OperadorModel->getToken('eyJ0eXAiOiJKV1QiLCJhbGciOiJIUzI1NiJ9.eyJzdWIiOiJDSjkwMDAyNDg3NCIsImF1ZCI6WyJDSjkwMDAyNDg3NCJdLCJpc3MiOiJhZG1vbkB5dWJhcHBzLmNvbSIsImV4cCI6MTY5MzQ4MDAzMSwiaWF0IjoxNjkzMzkzNjMxLCJqdGkiOiJkZjc5NGQxNy0wZDlmLTQ4ZDEtOWEwMC0wNjIyMDBiNTMxMTQifQ.KPb9C2uBW7HjqsTkgkYPTYfTjeW-RCj7LxVS6C7XqZ8a')
 3 SYSTEMPATH\CodeIgniter.php(934): App\Controllers\ReporteApiController->allReport()
 4 SYSTEMPATH\CodeIgniter.php(499): CodeIgniter\CodeIgniter->runController(Object(App\Controllers\ReporteApiController))
 5 SYSTEMPATH\CodeIgniter.php(368): CodeIgniter\CodeIgniter->handleRequest(null, Object(Config\Cache), false)
 6 FCPATH\index.php(67): CodeIgniter\CodeIgniter->run()
CRITICAL - 2023-08-30 16:25:52 --> Illegal string offset 'token'
in APPPATH\Models\OperadorModel.php on line 58.
 1 APPPATH\Models\OperadorModel.php(58): CodeIgniter\Debug\Exceptions->errorHandler(2, 'Illegal string offset \'token\'', 'C:\\wamp64\\www\\coljuegos\\app\\Models\\OperadorModel.php', 58, [...])
 2 APPPATH\Controllers\ReporteApiController.php(22): App\Models\OperadorModel->getToken('eyJ0eXAiOiJKV1QiLCJhbGciOiJIUzI1NiJ9.eyJzdWIiOiJDSjkwMDAyNDg3NCIsImF1ZCI6WyJDSjkwMDAyNDg3NCJdLCJpc3MiOiJhZG1vbkB5dWJhcHBzLmNvbSIsImV4cCI6MTY5MzQ4MDAzMSwiaWF0IjoxNjkzMzkzNjMxLCJqdGkiOiJkZjc5NGQxNy0wZDlmLTQ4ZDEtOWEwMC0wNjIyMDBiNTMxMTQifQ.KPb9C2uBW7HjqsTkgkYPTYfTjeW-RCj7LxVS6C7XqZ8a')
 3 SYSTEMPATH\CodeIgniter.php(934): App\Controllers\ReporteApiController->allReport()
 4 SYSTEMPATH\CodeIgniter.php(499): CodeIgniter\CodeIgniter->runController(Object(App\Controllers\ReporteApiController))
 5 SYSTEMPATH\CodeIgniter.php(368): CodeIgniter\CodeIgniter->handleRequest(null, Object(Config\Cache), false)
 6 FCPATH\index.php(67): CodeIgniter\CodeIgniter->run()
CRITICAL - 2023-08-30 16:26:25 --> Illegal string offset 'token'
in APPPATH\Models\OperadorModel.php on line 58.
 1 APPPATH\Models\OperadorModel.php(58): CodeIgniter\Debug\Exceptions->errorHandler(2, 'Illegal string offset \'token\'', 'C:\\wamp64\\www\\coljuegos\\app\\Models\\OperadorModel.php', 58, [...])
 2 APPPATH\Controllers\ReporteApiController.php(22): App\Models\OperadorModel->getToken('eyJ0eXAiOiJKV1QiLCJhbGciOiJIUzI1NiJ9.eyJzdWIiOiJDSjkwMDAyNDg3NCIsImF1ZCI6WyJDSjkwMDAyNDg3NCJdLCJpc3MiOiJhZG1vbkB5dWJhcHBzLmNvbSIsImV4cCI6MTY5MzQ4MDAzMSwiaWF0IjoxNjkzMzkzNjMxLCJqdGkiOiJkZjc5NGQxNy0wZDlmLTQ4ZDEtOWEwMC0wNjIyMDBiNTMxMTQifQ.KPb9C2uBW7HjqsTkgkYPTYfTjeW-RCj7LxVS6C7XqZ8a')
 3 SYSTEMPATH\CodeIgniter.php(934): App\Controllers\ReporteApiController->allReport()
 4 SYSTEMPATH\CodeIgniter.php(499): CodeIgniter\CodeIgniter->runController(Object(App\Controllers\ReporteApiController))
 5 SYSTEMPATH\CodeIgniter.php(368): CodeIgniter\CodeIgniter->handleRequest(null, Object(Config\Cache), false)
 6 FCPATH\index.php(67): CodeIgniter\CodeIgniter->run()
CRITICAL - 2023-08-30 16:26:27 --> Illegal string offset 'token'
in APPPATH\Models\OperadorModel.php on line 58.
 1 APPPATH\Models\OperadorModel.php(58): CodeIgniter\Debug\Exceptions->errorHandler(2, 'Illegal string offset \'token\'', 'C:\\wamp64\\www\\coljuegos\\app\\Models\\OperadorModel.php', 58, [...])
 2 APPPATH\Controllers\ReporteApiController.php(22): App\Models\OperadorModel->getToken('eyJ0eXAiOiJKV1QiLCJhbGciOiJIUzI1NiJ9.eyJzdWIiOiJDSjkwMDAyNDg3NCIsImF1ZCI6WyJDSjkwMDAyNDg3NCJdLCJpc3MiOiJhZG1vbkB5dWJhcHBzLmNvbSIsImV4cCI6MTY5MzQ4MDAzMSwiaWF0IjoxNjkzMzkzNjMxLCJqdGkiOiJkZjc5NGQxNy0wZDlmLTQ4ZDEtOWEwMC0wNjIyMDBiNTMxMTQifQ.KPb9C2uBW7HjqsTkgkYPTYfTjeW-RCj7LxVS6C7XqZ8a')
 3 SYSTEMPATH\CodeIgniter.php(934): App\Controllers\ReporteApiController->allReport()
 4 SYSTEMPATH\CodeIgniter.php(499): CodeIgniter\CodeIgniter->runController(Object(App\Controllers\ReporteApiController))
 5 SYSTEMPATH\CodeIgniter.php(368): CodeIgniter\CodeIgniter->handleRequest(null, Object(Config\Cache), false)
 6 FCPATH\index.php(67): CodeIgniter\CodeIgniter->run()
CRITICAL - 2023-08-30 16:26:38 --> Illegal string offset 'token'
in APPPATH\Models\OperadorModel.php on line 58.
 1 APPPATH\Models\OperadorModel.php(58): CodeIgniter\Debug\Exceptions->errorHandler(2, 'Illegal string offset \'token\'', 'C:\\wamp64\\www\\coljuegos\\app\\Models\\OperadorModel.php', 58, [...])
 2 APPPATH\Controllers\ReporteApiController.php(22): App\Models\OperadorModel->getToken('eyJ0eXAiOiJKV1QiLCJhbGciOiJIUzI1NiJ9.eyJzdWIiOiJDSjkwMDAyNDg3NCIsImF1ZCI6WyJDSjkwMDAyNDg3NCJdLCJpc3MiOiJhZG1vbkB5dWJhcHBzLmNvbSIsImV4cCI6MTY5MzQ4MDAzMSwiaWF0IjoxNjkzMzkzNjMxLCJqdGkiOiJkZjc5NGQxNy0wZDlmLTQ4ZDEtOWEwMC0wNjIyMDBiNTMxMTQifQ.KPb9C2uBW7HjqsTkgkYPTYfTjeW-RCj7LxVS6C7XqZ8')
 3 SYSTEMPATH\CodeIgniter.php(934): App\Controllers\ReporteApiController->allReport()
 4 SYSTEMPATH\CodeIgniter.php(499): CodeIgniter\CodeIgniter->runController(Object(App\Controllers\ReporteApiController))
 5 SYSTEMPATH\CodeIgniter.php(368): CodeIgniter\CodeIgniter->handleRequest(null, Object(Config\Cache), false)
 6 FCPATH\index.php(67): CodeIgniter\CodeIgniter->run()
CRITICAL - 2023-08-30 16:27:14 --> Illegal string offset 'token'
in APPPATH\Models\OperadorModel.php on line 58.
 1 APPPATH\Models\OperadorModel.php(58): CodeIgniter\Debug\Exceptions->errorHandler(2, 'Illegal string offset \'token\'', 'C:\\wamp64\\www\\coljuegos\\app\\Models\\OperadorModel.php', 58, [...])
 2 APPPATH\Controllers\ReporteApiController.php(21): App\Models\OperadorModel->getToken('eyJ0eXAiOiJKV1QiLCJhbGciOiJIUzI1NiJ9.eyJzdWIiOiJDSjkwMDAyNDg3NCIsImF1ZCI6WyJDSjkwMDAyNDg3NCJdLCJpc3MiOiJhZG1vbkB5dWJhcHBzLmNvbSIsImV4cCI6MTY5MzQ4MDAzMSwiaWF0IjoxNjkzMzkzNjMxLCJqdGkiOiJkZjc5NGQxNy0wZDlmLTQ4ZDEtOWEwMC0wNjIyMDBiNTMxMTQifQ.KPb9C2uBW7HjqsTkgkYPTYfTjeW-RCj7LxVS6C7XqZ8')
 3 SYSTEMPATH\CodeIgniter.php(934): App\Controllers\ReporteApiController->allReport()
 4 SYSTEMPATH\CodeIgniter.php(499): CodeIgniter\CodeIgniter->runController(Object(App\Controllers\ReporteApiController))
 5 SYSTEMPATH\CodeIgniter.php(368): CodeIgniter\CodeIgniter->handleRequest(null, Object(Config\Cache), false)
 6 FCPATH\index.php(67): CodeIgniter\CodeIgniter->run()
CRITICAL - 2023-08-30 16:27:58 --> Illegal string offset 'token'
in APPPATH\Models\OperadorModel.php on line 58.
 1 APPPATH\Models\OperadorModel.php(58): CodeIgniter\Debug\Exceptions->errorHandler(2, 'Illegal string offset \'token\'', 'C:\\wamp64\\www\\coljuegos\\app\\Models\\OperadorModel.php', 58, [...])
 2 APPPATH\Controllers\ReporteApiController.php(21): App\Models\OperadorModel->getToken('eyJ0eXAiOiJKV1QiLCJhbGciOiJIUzI1NiJ9.eyJzdWIiOiJDSjkwMDAyNDg3NCIsImF1ZCI6WyJDSjkwMDAyNDg3NCJdLCJpc3MiOiJhZG1vbkB5dWJhcHBzLmNvbSIsImV4cCI6MTY5MzQ4MDAzMSwiaWF0IjoxNjkzMzkzNjMxLCJqdGkiOiJkZjc5NGQxNy0wZDlmLTQ4ZDEtOWEwMC0wNjIyMDBiNTMxMTQifQ.KPb9C2uBW7HjqsTkgkYPTYfTjeW-RCj7LxVS6C7XqZ8')
 3 SYSTEMPATH\CodeIgniter.php(934): App\Controllers\ReporteApiController->allReport()
 4 SYSTEMPATH\CodeIgniter.php(499): CodeIgniter\CodeIgniter->runController(Object(App\Controllers\ReporteApiController))
 5 SYSTEMPATH\CodeIgniter.php(368): CodeIgniter\CodeIgniter->handleRequest(null, Object(Config\Cache), false)
 6 FCPATH\index.php(67): CodeIgniter\CodeIgniter->run()
CRITICAL - 2023-08-30 16:29:23 --> Illegal string offset 'token'
in APPPATH\Models\OperadorModel.php on line 58.
 1 APPPATH\Models\OperadorModel.php(58): CodeIgniter\Debug\Exceptions->errorHandler(2, 'Illegal string offset \'token\'', 'C:\\wamp64\\www\\coljuegos\\app\\Models\\OperadorModel.php', 58, [...])
 2 APPPATH\Controllers\ReporteApiController.php(21): App\Models\OperadorModel->getToken('eyJ0eXAiOiJKV1QiLCJhbGciOiJIUzI1NiJ9.eyJzdWIiOiJDSjkwMDAyNDg3NCIsImF1ZCI6WyJDSjkwMDAyNDg3NCJdLCJpc3MiOiJhZG1vbkB5dWJhcHBzLmNvbSIsImV4cCI6MTY5MzQ4MDAzMSwiaWF0IjoxNjkzMzkzNjMxLCJqdGkiOiJkZjc5NGQxNy0wZDlmLTQ4ZDEtOWEwMC0wNjIyMDBiNTMxMTQifQ.KPb9C2uBW7HjqsTkgkYPTYfTjeW-RCj7LxVS6C7XqZ8')
 3 SYSTEMPATH\CodeIgniter.php(934): App\Controllers\ReporteApiController->allReport()
 4 SYSTEMPATH\CodeIgniter.php(499): CodeIgniter\CodeIgniter->runController(Object(App\Controllers\ReporteApiController))
 5 SYSTEMPATH\CodeIgniter.php(368): CodeIgniter\CodeIgniter->handleRequest(null, Object(Config\Cache), false)
 6 FCPATH\index.php(67): CodeIgniter\CodeIgniter->run()
CRITICAL - 2023-08-30 16:46:01 --> Illegal string offset 'token'
in APPPATH\Models\OperadorModel.php on line 58.
 1 APPPATH\Models\OperadorModel.php(58): CodeIgniter\Debug\Exceptions->errorHandler(2, 'Illegal string offset \'token\'', 'C:\\wamp64\\www\\coljuegos\\app\\Models\\OperadorModel.php', 58, [...])
 2 APPPATH\Controllers\ReporteApiController.php(21): App\Models\OperadorModel->getToken('eyJ0eXAiOiJKV1QiLCJhbGciOiJIUzI1NiJ9.eyJzdWIiOiJDSjkwMDAyNDg3NCIsImF1ZCI6WyJDSjkwMDAyNDg3NCJdLCJpc3MiOiJhZG1vbkB5dWJhcHBzLmNvbSIsImV4cCI6MTY5MzQ4MDAzMSwiaWF0IjoxNjkzMzkzNjMxLCJqdGkiOiJkZjc5NGQxNy0wZDlmLTQ4ZDEtOWEwMC0wNjIyMDBiNTMxMTQifQ.KPb9C2uBW7HjqsTkgkYPTYfTjeW-RCj7LxVS6C7XqZ8')
 3 SYSTEMPATH\CodeIgniter.php(934): App\Controllers\ReporteApiController->allReport()
 4 SYSTEMPATH\CodeIgniter.php(499): CodeIgniter\CodeIgniter->runController(Object(App\Controllers\ReporteApiController))
 5 SYSTEMPATH\CodeIgniter.php(368): CodeIgniter\CodeIgniter->handleRequest(null, Object(Config\Cache), false)
 6 FCPATH\index.php(67): CodeIgniter\CodeIgniter->run()
CRITICAL - 2023-08-30 16:46:53 --> Illegal string offset 'token'
in APPPATH\Models\ReporteModel.php on line 84.
 1 APPPATH\Models\ReporteModel.php(84): CodeIgniter\Debug\Exceptions->errorHandler(2, 'Illegal string offset \'token\'', 'C:\\wamp64\\www\\coljuegos\\app\\Models\\ReporteModel.php', 84, [...])
 2 APPPATH\Controllers\ReporteApiController.php(21): App\Models\ReporteModel->getToken('eyJ0eXAiOiJKV1QiLCJhbGciOiJIUzI1NiJ9.eyJzdWIiOiJDSjkwMDAyNDg3NCIsImF1ZCI6WyJDSjkwMDAyNDg3NCJdLCJpc3MiOiJhZG1vbkB5dWJhcHBzLmNvbSIsImV4cCI6MTY5MzQ4MDAzMSwiaWF0IjoxNjkzMzkzNjMxLCJqdGkiOiJkZjc5NGQxNy0wZDlmLTQ4ZDEtOWEwMC0wNjIyMDBiNTMxMTQifQ.KPb9C2uBW7HjqsTkgkYPTYfTjeW-RCj7LxVS6C7XqZ8')
 3 SYSTEMPATH\CodeIgniter.php(934): App\Controllers\ReporteApiController->allReport()
 4 SYSTEMPATH\CodeIgniter.php(499): CodeIgniter\CodeIgniter->runController(Object(App\Controllers\ReporteApiController))
 5 SYSTEMPATH\CodeIgniter.php(368): CodeIgniter\CodeIgniter->handleRequest(null, Object(Config\Cache), false)
 6 FCPATH\index.php(67): CodeIgniter\CodeIgniter->run()
CRITICAL - 2023-08-30 16:46:55 --> Illegal string offset 'token'
in APPPATH\Models\ReporteModel.php on line 84.
 1 APPPATH\Models\ReporteModel.php(84): CodeIgniter\Debug\Exceptions->errorHandler(2, 'Illegal string offset \'token\'', 'C:\\wamp64\\www\\coljuegos\\app\\Models\\ReporteModel.php', 84, [...])
 2 APPPATH\Controllers\ReporteApiController.php(21): App\Models\ReporteModel->getToken('eyJ0eXAiOiJKV1QiLCJhbGciOiJIUzI1NiJ9.eyJzdWIiOiJDSjkwMDAyNDg3NCIsImF1ZCI6WyJDSjkwMDAyNDg3NCJdLCJpc3MiOiJhZG1vbkB5dWJhcHBzLmNvbSIsImV4cCI6MTY5MzQ4MDAzMSwiaWF0IjoxNjkzMzkzNjMxLCJqdGkiOiJkZjc5NGQxNy0wZDlmLTQ4ZDEtOWEwMC0wNjIyMDBiNTMxMTQifQ.KPb9C2uBW7HjqsTkgkYPTYfTjeW-RCj7LxVS6C7XqZ8')
 3 SYSTEMPATH\CodeIgniter.php(934): App\Controllers\ReporteApiController->allReport()
 4 SYSTEMPATH\CodeIgniter.php(499): CodeIgniter\CodeIgniter->runController(Object(App\Controllers\ReporteApiController))
 5 SYSTEMPATH\CodeIgniter.php(368): CodeIgniter\CodeIgniter->handleRequest(null, Object(Config\Cache), false)
 6 FCPATH\index.php(67): CodeIgniter\CodeIgniter->run()
CRITICAL - 2023-08-30 16:47:37 --> Illegal string offset 'token'
in APPPATH\Models\ReporteModel.php on line 84.
 1 APPPATH\Models\ReporteModel.php(84): CodeIgniter\Debug\Exceptions->errorHandler(2, 'Illegal string offset \'token\'', 'C:\\wamp64\\www\\coljuegos\\app\\Models\\ReporteModel.php', 84, [...])
 2 APPPATH\Controllers\ReporteApiController.php(21): App\Models\ReporteModel->getToken('eyJ0eXAiOiJKV1QiLCJhbGciOiJIUzI1NiJ9.eyJzdWIiOiJDSjkwMDAyNDg3NCIsImF1ZCI6WyJDSjkwMDAyNDg3NCJdLCJpc3MiOiJhZG1vbkB5dWJhcHBzLmNvbSIsImV4cCI6MTY5MzQ4MDAzMSwiaWF0IjoxNjkzMzkzNjMxLCJqdGkiOiJkZjc5NGQxNy0wZDlmLTQ4ZDEtOWEwMC0wNjIyMDBiNTMxMTQifQ.KPb9C2uBW7HjqsTkgkYPTYfTjeW-RCj7LxVS6C7XqZ8')
 3 SYSTEMPATH\CodeIgniter.php(934): App\Controllers\ReporteApiController->allReport()
 4 SYSTEMPATH\CodeIgniter.php(499): CodeIgniter\CodeIgniter->runController(Object(App\Controllers\ReporteApiController))
 5 SYSTEMPATH\CodeIgniter.php(368): CodeIgniter\CodeIgniter->handleRequest(null, Object(Config\Cache), false)
 6 FCPATH\index.php(67): CodeIgniter\CodeIgniter->run()
CRITICAL - 2023-08-30 17:11:48 --> Illegal string offset 'token'
in APPPATH\Models\ReporteModel.php on line 84.
 1 APPPATH\Models\ReporteModel.php(84): CodeIgniter\Debug\Exceptions->errorHandler(2, 'Illegal string offset \'token\'', 'C:\\wamp64\\www\\coljuegos\\app\\Models\\ReporteModel.php', 84, [...])
 2 APPPATH\Controllers\ReporteApiController.php(21): App\Models\ReporteModel->getToken('eyJ0eXAiOiJKV1QiLCJhbGciOiJIUzI1NiJ9.eyJzdWIiOiJDSjkwMDAyNDg3NCIsImF1ZCI6WyJDSjkwMDAyNDg3NCJdLCJpc3MiOiJhZG1vbkB5dWJhcHBzLmNvbSIsImV4cCI6MTY5MzQ4MDAzMSwiaWF0IjoxNjkzMzkzNjMxLCJqdGkiOiJkZjc5NGQxNy0wZDlmLTQ4ZDEtOWEwMC0wNjIyMDBiNTMxMTQifQ.KPb9C2uBW7HjqsTkgkYPTYfTjeW-RCj7LxVS6C7XqZ8')
 3 SYSTEMPATH\CodeIgniter.php(934): App\Controllers\ReporteApiController->allReport()
 4 SYSTEMPATH\CodeIgniter.php(499): CodeIgniter\CodeIgniter->runController(Object(App\Controllers\ReporteApiController))
 5 SYSTEMPATH\CodeIgniter.php(368): CodeIgniter\CodeIgniter->handleRequest(null, Object(Config\Cache), false)
 6 FCPATH\index.php(67): CodeIgniter\CodeIgniter->run()
CRITICAL - 2023-08-30 17:11:57 --> Illegal string offset 'token'
in APPPATH\Models\ReporteModel.php on line 84.
 1 APPPATH\Models\ReporteModel.php(84): CodeIgniter\Debug\Exceptions->errorHandler(2, 'Illegal string offset \'token\'', 'C:\\wamp64\\www\\coljuegos\\app\\Models\\ReporteModel.php', 84, [...])
 2 APPPATH\Controllers\ReporteApiController.php(21): App\Models\ReporteModel->getToken('eyJ0eXAiOiJKV1QiLCJhbGciOiJIUzI1NiJ9.eyJzdWIiOiJDSjkwMDAyNDg3NCIsImF1ZCI6WyJDSjkwMDAyNDg3NCJdLCJpc3MiOiJhZG1vbkB5dWJhcHBzLmNvbSIsImV4cCI6MTY5MzQ4MDAzMSwiaWF0IjoxNjkzMzkzNjMxLCJqdGkiOiJkZjc5NGQxNy0wZDlmLTQ4ZDEtOWEwMC0wNjIyMDBiNTMxMTQifQ.KPb9C2uBW7HjqsTkgkYPTYfTjeW-RCj7LxVS6C7XqZ8')
 3 SYSTEMPATH\CodeIgniter.php(934): App\Controllers\ReporteApiController->allReport()
 4 SYSTEMPATH\CodeIgniter.php(499): CodeIgniter\CodeIgniter->runController(Object(App\Controllers\ReporteApiController))
 5 SYSTEMPATH\CodeIgniter.php(368): CodeIgniter\CodeIgniter->handleRequest(null, Object(Config\Cache), false)
 6 FCPATH\index.php(67): CodeIgniter\CodeIgniter->run()
ERROR - 2023-08-30 17:12:22 --> mysqli_sql_exception: Unknown column 'token' in 'where clause' in C:\wamp64\www\coljuegos\vendor\codeigniter4\framework\system\Database\MySQLi\Connection.php:295
Stack trace:
#0 C:\wamp64\www\coljuegos\vendor\codeigniter4\framework\system\Database\MySQLi\Connection.php(295): mysqli->query('SELECT `id_oper...', 0)
#1 C:\wamp64\www\coljuegos\vendor\codeigniter4\framework\system\Database\BaseConnection.php(692): CodeIgniter\Database\MySQLi\Connection->execute('SELECT `id_oper...')
#2 C:\wamp64\www\coljuegos\vendor\codeigniter4\framework\system\Database\BaseConnection.php(606): CodeIgniter\Database\BaseConnection->simpleQuery('SELECT `id_oper...')
#3 C:\wamp64\www\coljuegos\vendor\codeigniter4\framework\system\Database\BaseBuilder.php(1616): CodeIgniter\Database\BaseConnection->query('SELECT `id_oper...', Array, false)
#4 C:\wamp64\www\coljuegos\app\Models\ReporteModel.php(85): CodeIgniter\Database\BaseBuilder->get()
#5 C:\wamp64\www\coljuegos\app\Controllers\ReporteApiController.php(21): App\Models\ReporteModel->getToken('eyJ0eXAiOiJKV1Q...')
#6 C:\wamp64\www\coljuegos\vendor\codeigniter4\framework\system\CodeIgniter.php(934): App\Controllers\ReporteApiController->allReport()
#7 C:\wamp64\www\coljuegos\vendor\codeigniter4\framework\system\CodeIgniter.php(499): CodeIgniter\CodeIgniter->runController(Object(App\Controllers\ReporteApiController))
#8 C:\wamp64\www\coljuegos\vendor\codeigniter4\framework\system\CodeIgniter.php(368): CodeIgniter\CodeIgniter->handleRequest(NULL, Object(Config\Cache), false)
#9 C:\wamp64\www\coljuegos\public\index.php(67): CodeIgniter\CodeIgniter->run()
#10 {main}
CRITICAL - 2023-08-30 17:12:22 --> Unknown column 'token' in 'where clause'
in SYSTEMPATH\Database\MySQLi\Connection.php on line 295.
 1 SYSTEMPATH\Database\MySQLi\Connection.php(295): mysqli->query('SELECT `id_operador`
FROM `reporte`
WHERE `token` = \'eyJ0eXAiOiJKV1QiLCJhbGciOiJIUzI1NiJ9.eyJzdWIiOiJDSjkwMDAyNDg3NCIsImF1ZCI6WyJDSjkwMDAyNDg3NCJdLCJpc3MiOiJhZG1vbkB5dWJhcHBzLmNvbSIsImV4cCI6MTY5MzQ4MDAzMSwiaWF0IjoxNjkzMzkzNjMxLCJqdGkiOiJkZjc5NGQxNy0wZDlmLTQ4ZDEtOWEwMC0wNjIyMDBiNTMxMTQifQ.KPb9C2uBW7HjqsTkgkYPTYfTjeW-RCj7LxVS6C7XqZ8\'', 0)
 2 SYSTEMPATH\Database\BaseConnection.php(692): CodeIgniter\Database\MySQLi\Connection->execute('SELECT `id_operador`
FROM `reporte`
WHERE `token` = \'eyJ0eXAiOiJKV1QiLCJhbGciOiJIUzI1NiJ9.eyJzdWIiOiJDSjkwMDAyNDg3NCIsImF1ZCI6WyJDSjkwMDAyNDg3NCJdLCJpc3MiOiJhZG1vbkB5dWJhcHBzLmNvbSIsImV4cCI6MTY5MzQ4MDAzMSwiaWF0IjoxNjkzMzkzNjMxLCJqdGkiOiJkZjc5NGQxNy0wZDlmLTQ4ZDEtOWEwMC0wNjIyMDBiNTMxMTQifQ.KPb9C2uBW7HjqsTkgkYPTYfTjeW-RCj7LxVS6C7XqZ8\'')
 3 SYSTEMPATH\Database\BaseConnection.php(606): CodeIgniter\Database\BaseConnection->simpleQuery('SELECT `id_operador`
FROM `reporte`
WHERE `token` = \'eyJ0eXAiOiJKV1QiLCJhbGciOiJIUzI1NiJ9.eyJzdWIiOiJDSjkwMDAyNDg3NCIsImF1ZCI6WyJDSjkwMDAyNDg3NCJdLCJpc3MiOiJhZG1vbkB5dWJhcHBzLmNvbSIsImV4cCI6MTY5MzQ4MDAzMSwiaWF0IjoxNjkzMzkzNjMxLCJqdGkiOiJkZjc5NGQxNy0wZDlmLTQ4ZDEtOWEwMC0wNjIyMDBiNTMxMTQifQ.KPb9C2uBW7HjqsTkgkYPTYfTjeW-RCj7LxVS6C7XqZ8\'')
 4 SYSTEMPATH\Database\BaseBuilder.php(1616): CodeIgniter\Database\BaseConnection->query('SELECT `id_operador`
FROM `reporte`
WHERE `token` = :token:', [...], false)
 5 APPPATH\Models\ReporteModel.php(85): CodeIgniter\Database\BaseBuilder->get()
 6 APPPATH\Controllers\ReporteApiController.php(21): App\Models\ReporteModel->getToken('eyJ0eXAiOiJKV1QiLCJhbGciOiJIUzI1NiJ9.eyJzdWIiOiJDSjkwMDAyNDg3NCIsImF1ZCI6WyJDSjkwMDAyNDg3NCJdLCJpc3MiOiJhZG1vbkB5dWJhcHBzLmNvbSIsImV4cCI6MTY5MzQ4MDAzMSwiaWF0IjoxNjkzMzkzNjMxLCJqdGkiOiJkZjc5NGQxNy0wZDlmLTQ4ZDEtOWEwMC0wNjIyMDBiNTMxMTQifQ.KPb9C2uBW7HjqsTkgkYPTYfTjeW-RCj7LxVS6C7XqZ8')
 7 SYSTEMPATH\CodeIgniter.php(934): App\Controllers\ReporteApiController->allReport()
 8 SYSTEMPATH\CodeIgniter.php(499): CodeIgniter\CodeIgniter->runController(Object(App\Controllers\ReporteApiController))
 9 SYSTEMPATH\CodeIgniter.php(368): CodeIgniter\CodeIgniter->handleRequest(null, Object(Config\Cache), false)
10 FCPATH\index.php(67): CodeIgniter\CodeIgniter->run()
ERROR - 2023-08-30 17:12:36 --> mysqli_sql_exception: Unknown column 'operador_id' in 'field list' in C:\wamp64\www\coljuegos\vendor\codeigniter4\framework\system\Database\MySQLi\Connection.php:295
Stack trace:
#0 C:\wamp64\www\coljuegos\vendor\codeigniter4\framework\system\Database\MySQLi\Connection.php(295): mysqli->query('SELECT `operado...', 0)
#1 C:\wamp64\www\coljuegos\vendor\codeigniter4\framework\system\Database\BaseConnection.php(692): CodeIgniter\Database\MySQLi\Connection->execute('SELECT `operado...')
#2 C:\wamp64\www\coljuegos\vendor\codeigniter4\framework\system\Database\BaseConnection.php(606): CodeIgniter\Database\BaseConnection->simpleQuery('SELECT `operado...')
#3 C:\wamp64\www\coljuegos\vendor\codeigniter4\framework\system\Database\BaseBuilder.php(1616): CodeIgniter\Database\BaseConnection->query('SELECT `operado...', Array, false)
#4 C:\wamp64\www\coljuegos\app\Models\ReporteModel.php(85): CodeIgniter\Database\BaseBuilder->get()
#5 C:\wamp64\www\coljuegos\app\Controllers\ReporteApiController.php(21): App\Models\ReporteModel->getToken('eyJ0eXAiOiJKV1Q...')
#6 C:\wamp64\www\coljuegos\vendor\codeigniter4\framework\system\CodeIgniter.php(934): App\Controllers\ReporteApiController->allReport()
#7 C:\wamp64\www\coljuegos\vendor\codeigniter4\framework\system\CodeIgniter.php(499): CodeIgniter\CodeIgniter->runController(Object(App\Controllers\ReporteApiController))
#8 C:\wamp64\www\coljuegos\vendor\codeigniter4\framework\system\CodeIgniter.php(368): CodeIgniter\CodeIgniter->handleRequest(NULL, Object(Config\Cache), false)
#9 C:\wamp64\www\coljuegos\public\index.php(67): CodeIgniter\CodeIgniter->run()
#10 {main}
CRITICAL - 2023-08-30 17:12:36 --> Unknown column 'operador_id' in 'field list'
in SYSTEMPATH\Database\MySQLi\Connection.php on line 295.
 1 SYSTEMPATH\Database\MySQLi\Connection.php(295): mysqli->query('SELECT `operador_id`
FROM `reporte`
WHERE `token` = \'eyJ0eXAiOiJKV1QiLCJhbGciOiJIUzI1NiJ9.eyJzdWIiOiJDSjkwMDAyNDg3NCIsImF1ZCI6WyJDSjkwMDAyNDg3NCJdLCJpc3MiOiJhZG1vbkB5dWJhcHBzLmNvbSIsImV4cCI6MTY5MzQ4MDAzMSwiaWF0IjoxNjkzMzkzNjMxLCJqdGkiOiJkZjc5NGQxNy0wZDlmLTQ4ZDEtOWEwMC0wNjIyMDBiNTMxMTQifQ.KPb9C2uBW7HjqsTkgkYPTYfTjeW-RCj7LxVS6C7XqZ8\'', 0)
 2 SYSTEMPATH\Database\BaseConnection.php(692): CodeIgniter\Database\MySQLi\Connection->execute('SELECT `operador_id`
FROM `reporte`
WHERE `token` = \'eyJ0eXAiOiJKV1QiLCJhbGciOiJIUzI1NiJ9.eyJzdWIiOiJDSjkwMDAyNDg3NCIsImF1ZCI6WyJDSjkwMDAyNDg3NCJdLCJpc3MiOiJhZG1vbkB5dWJhcHBzLmNvbSIsImV4cCI6MTY5MzQ4MDAzMSwiaWF0IjoxNjkzMzkzNjMxLCJqdGkiOiJkZjc5NGQxNy0wZDlmLTQ4ZDEtOWEwMC0wNjIyMDBiNTMxMTQifQ.KPb9C2uBW7HjqsTkgkYPTYfTjeW-RCj7LxVS6C7XqZ8\'')
 3 SYSTEMPATH\Database\BaseConnection.php(606): CodeIgniter\Database\BaseConnection->simpleQuery('SELECT `operador_id`
FROM `reporte`
WHERE `token` = \'eyJ0eXAiOiJKV1QiLCJhbGciOiJIUzI1NiJ9.eyJzdWIiOiJDSjkwMDAyNDg3NCIsImF1ZCI6WyJDSjkwMDAyNDg3NCJdLCJpc3MiOiJhZG1vbkB5dWJhcHBzLmNvbSIsImV4cCI6MTY5MzQ4MDAzMSwiaWF0IjoxNjkzMzkzNjMxLCJqdGkiOiJkZjc5NGQxNy0wZDlmLTQ4ZDEtOWEwMC0wNjIyMDBiNTMxMTQifQ.KPb9C2uBW7HjqsTkgkYPTYfTjeW-RCj7LxVS6C7XqZ8\'')
 4 SYSTEMPATH\Database\BaseBuilder.php(1616): CodeIgniter\Database\BaseConnection->query('SELECT `operador_id`
FROM `reporte`
WHERE `token` = :token:', [...], false)
 5 APPPATH\Models\ReporteModel.php(85): CodeIgniter\Database\BaseBuilder->get()
 6 APPPATH\Controllers\ReporteApiController.php(21): App\Models\ReporteModel->getToken('eyJ0eXAiOiJKV1QiLCJhbGciOiJIUzI1NiJ9.eyJzdWIiOiJDSjkwMDAyNDg3NCIsImF1ZCI6WyJDSjkwMDAyNDg3NCJdLCJpc3MiOiJhZG1vbkB5dWJhcHBzLmNvbSIsImV4cCI6MTY5MzQ4MDAzMSwiaWF0IjoxNjkzMzkzNjMxLCJqdGkiOiJkZjc5NGQxNy0wZDlmLTQ4ZDEtOWEwMC0wNjIyMDBiNTMxMTQifQ.KPb9C2uBW7HjqsTkgkYPTYfTjeW-RCj7LxVS6C7XqZ8')
 7 SYSTEMPATH\CodeIgniter.php(934): App\Controllers\ReporteApiController->allReport()
 8 SYSTEMPATH\CodeIgniter.php(499): CodeIgniter\CodeIgniter->runController(Object(App\Controllers\ReporteApiController))
 9 SYSTEMPATH\CodeIgniter.php(368): CodeIgniter\CodeIgniter->handleRequest(null, Object(Config\Cache), false)
10 FCPATH\index.php(67): CodeIgniter\CodeIgniter->run()
